[   0.0000 Initiliingcgroup subyscpset[   00000] italizg group ubys cpu[   0.000] Iniaizincgroup subsys cuact
  0.00000]Liux vrsn 4.4.-1-generc (bildd@lcy-amd4-8) (ccersin .40 201606 (Ubunu 4.0-ubtu1~.0.9)  #8-UbntSMP WeMa 2 :0:18 UT 28 (Ubuu .4.012148-enic 4.411)
[  000000]omma lne: OTIMAG/bot/vliz-4..024-gneri root=ABEL=lodimgoofs r coole=tty1 console=ttyS0
[    00000] KEELsupporedcpus
   0.0000]   Intel GenuineIntel
[   0.0000   AMDAuhenticA
    .0000] Cntaur ntauaus
[  00000] 86/f: statofset[]: 576, stte_siz[2:  256    0.000000 x86pu: Suppoting SAVE feature x01 'x87 floating point regsts'
  0.0000 x86/fpu: Supporting XSAVE featre0x02 'E regier'
[   .00000] x86fpu:Suportig AVE eare 004'AVXrester'[   0.00000]x8fpu:nabled xta features0x, coex size is83 bes, uin'standrdform.
[   00000 x6/fp: ing az' FPU ntext wihes.
  0.0000] e80:BIS-provided phsil RAM ap
[  00000]BIOS82: [mm 000000000000x00000000fb] usable[   0.0000BIS-e80:mem x0000000fc0-0000000000fff] rered
[    0.000000] BIOS-e820: [mem 0x00000000000f00-0x00000000000fffff] reserved
[    0.0000] BI-e20: [m x00000001000-0000000ffefffusab
    00000]BI-e82: em 0x000007fff000x0000007ffff] ACPI ta
[   0.0000] BI-e820:[m 0x000000ec0000-0x0000000fec00ff]eserd
[   000000BIOSe8: [mem 0000000fe0000-00000000fee0fff rerved[   0.000] BS-e820 [mem0x0000000ffc000-000000ffffff] esrved
[   0000] X (Eecte Disabe)prtectonactie[   .00000 SIOS .5rese.
[   0.000] Herisordected: M
[   0.000] e20lastpf= 0x7ff0ax_ah_fn = 040000000[    00000] MTR:Diabbld
[   00000] 6/PA MRRsdibled, kipingPATintialaton to.
[   000000]PUMTRRs all blank - virtualized system.
[    0.000000] x6/T: Cfiurio [0-7]: WB  WT  UC-UCWB    UC-   
[  .00000] und SMP MP-table at [mem 0x0009f00x009fff] mapped a [fff80009fff0
   0.0000 Scanning 1 arasfo lowmeory crutio
   0.000] RAMDK:[mem 0x36aa0000-0x37547fff]
[    0.00000]CPI:Eay table hecksum vrification disabed
  0.0000 ACP: DP 000000000000000024 02 VBOX  )
[    0.000000] ACPI: XSD 0x000000007FFF0030 0000C v01 VBO  BOXXST 000001 AS  000006)[    00000] PI FACP 00000007FFF00F0000F4v0 VBO  BOXFACP 00001 AL 000006
    00000]CP: DS 00000007FF040 21FF (v0 VX   VBXBOS 000000 ITL 21028)
  0.00000] PI: FAS x00000FFF00 0000[   0.0000] ACP: CS 0x000000FFF00 0004
   0.000] ACPI: APIC 0x000000007FFF0240 00005C (v02 VBOX   VBOXAPIC 00001 ASL0000061)[    0.000000] ACPI: SSDT 0x000000007FFF02A0 001CC 01VBOX   BOXCPUT 0000002 INTL 2010058)
[    0.000000] No NUMA configuration found
[    0.000000] Fkig a nod at [mem 0x000000000000-x000007ffeff]
[  .00000NODEDA(0) aloced [emx7ff00-0x7efff]
   00000] vm-clo: singms 4b5d01 an4b64d00
  0.00000]kvm-cloc: pu 0ms 0:7ff30, prma cpuclk
[  00000] vm-cloc: singchd ofseof 3698692 cle
[   .00000 ccksorc kvmlok: mk:0xfffffffffff max_cyces: x1c424dffb, max_dl_ns:8159059143 ns
[  0.00000]one ranes
[    00000] DMA    [mm 0x0000000000-0x0000000fff]
  0.000000  DMA32   em 0x0000000000-000000000ffffff][   0.000] Nrmal  mpy
[  0.0000] Devie empt
[   0.000] Movblzonestt for acnode
  0.000000] Early memory node rnges
[  .00000  noe 0: [m x0000000000100-00000000009fff][   0.0000]   ode   0: [mem0x0000000000000-x0000007ffeff
[  000000]nitmm tup node [mm 0x0000000000000x000000ffff]
[   000000 AI: P-Ter IPot: 0x48
[  .000000]IOIC[0]apc_id, ersion 32, ddess 0xc0000, GI 23
    .00000] CP INTSROOVR (bu0 us_irq0 obal_i 2 dl l)
  0.0000 ACP IT_SROVR (bus  bus_irq  gbal_q  lowevl)
  0.0000 Usig PI (ADT for SMP conigationnfrmaton
[    000000smpoot: loing CPs, 0otlug CPUs
[    0.000000] PM:egsterd save mmoy:[mem 0x00000-0000fff
   0.000] PM: Registered nosveemory: [em0x0009000x009fff
[   .00000 PM: Regtere nave emy: [mem x00a0000-0x00ffff][   .00000 P Regiser nose emor [em 0000000-000ffff]
[  0.000] e820[mm 0800000xfbffff] avalable fo PCI dece
[   .00000] Boin parvituaze kern o KVM
[   .00000 cockurce: refined-jiffies mask0xfffff ax_ccl: 0xfffff, maxdle_: 64551001156ns
[   000000setu_perpu: NR_PU:512r_puma_bts:52 _cpuid2 nrno_ids1[   0.0000PECP Ebedde34paespu @fff807fc00 s9954r8192 318 u18576
[   0000] V qspnlck hshtablenties: 256 (order0,4096 te)
[    00000] Built 1 zonlis inNo order milit guping . Tota pges 5150
[  .00000] licyon: DMA
    00000]erelomand lie:OOT_AGE=/boo/vliuz-44.124-neic rotABEL=clodig-rofsro cnse=tty1onole=tyS0
[   0.000000] IDhashtabl entries 4096 (orde: 3,328 byes
[   000000]emry:03804K20696Kvalabl(832K kene code,13K rwat 3996K rda, 15K init, 316K bss, 6282Keserve 0K cmreerved
[   0.00000 SUB: HWalig64 Order=3,MinObjets, CPUs=2, de=1
[  0.00000 Knel/Usr age bls isaton: naed
    0.000000] Hirachical CUmplenttion.[   0.000000] 	Build-timadustment of af fanot to64.
[    0.00000	RU resicting CPUs from NRCP=512 tor_pu_ids=2.
[    0.000000] RCU: Adjustnggeomtrfor cuanou_lf=64nrcpuds2
[   00000]R_IRQ3324 n_iqs:4416
[   0.0000 Csole: courVGA+805
[   0.0000]onole ty] enle
[   0000] onsol [yS0]enled[   0.000000] tsc: Detected 2591.998 MHz processor
[   31.450719] Calibrating delay loop (skipped) preset value.. 5183.99 BogoMIPS (lpj=10367992)
[   31.619642] pid_max: default: 32768 minimum: 301
[   31.674903] ACPI: Core revision 20150930
[   31.740975] ACPI: 2 ACPI AML tables successfully acquired and loaded
[   31.882339] Security Framework initialized
[   31.972565] Yama: becoming mindful.
[   32.038326] AppArmor: AppArmor initialized
[   32.125069] Dentry cache hash table entries: 262144 (order: 9, 2097152 bytes)
[   32.249631] Inode-cache hash table entries: 131072 (order: 8, 1048576 bytes)
[   32.381355] Mount-cache hash table entries: 4096 (order: 3, 32768 bytes)
[   32.519491] Mountpoint-cache hash table entries: 4096 (order: 3, 32768 bytes)
[   32.682291] Initializing cgroup subsys io
[   32.766892] Initializing cgroup subsys memory
[   32.842645] Initializing cgroup subsys devices
[   32.911292] Initializing cgroup subsys freezer
[   33.018473] Initializing cgroup subsys net_cls
[   33.103967] Initializing cgroup subsys perf_event
[   33.202649] Initializing cgroup subsys net_prio
[   33.268535] Initializing cgroup subsys hugetlb
[   33.335710] Initializing cgroup subsys pids
[   33.435147] CPU: Physical Processor ID: 0
[   33.495622] CPU: Processor Core ID: 0
[   33.578087] FEATURE SPEC_CTRL Not Present
[   33.668093] mce: CPU supports 0 MCE banks
[   33.758387] Last level iTLB entries: 4KB 64, 2MB 8, 4MB 8
[   33.855470] Last level dTLB entries: 4KB 64, 2MB 0, 4MB 0, 1GB 4
[   33.962647] Spectre V2 mitigation: Mitigation: Full generic retpoline
[   34.108505] Spectre V2 mitigation: Speculation control IBPB not-supported IBRS not-supported
[   34.274137] Spectre V2 mitigation: Filling RSB on context switch
[   34.397936] Freeing SMP alternatives memory: 32K
[   34.521859] ftrace: allocating 32202 entries in 126 pages
[   34.705353] smpboot: APIC(0) Converting physical 0 to logical package 0
[   34.840979] smpboot: Max logical packages: 1
[   34.934810] x2apic enabled
[   34.995054] Switched APIC routing to physical x2apic.
[   35.076516] ..TIMER: vector=0x30 apic1=0 pin1=2 apic2=-1 pin2=-1
[   35.315019] smpboot: CPU0: Intel(R) Core(TM) i7-6700HQ CPU @ 2.60GHz (family: 0x6, model: 0x5e, stepping: 0x3)
[   35.513701] Performance Events: unsupported p6 CPU model 94 no PMU driver, software events only.
[   35.695493] KVM setup paravirtual spinlock
[   35.785811] x86: Booting SMP configuration:
[   35.839997] .... node  #0, CPUs:      #1
[   35.899797] kvm-clock: cpu 1, msr 0:7ffe3041, secondary cpu clock
[   35.924854] mce: CPU supports 0 MCE banks
[   35.946046] x86: Booted up 1 node, 2 CPUs
[   36.023339] smpboot: Total of 2 processors activated (10367.99 BogoMIPS)
[   36.152606] devtmpfs: initialized
[   36.177432] evm: security.selinux
[   36.190736] evm: security.SMACK64
[   36.236248] evm: security.SMACK64EXEC
[   36.275114] evm: security.SMACK64TRANSMUTE
[   36.366246] evm: security.SMACK64MMAP
[   36.408679] evm: security.ima
[   36.463320] evm: security.capability
[   36.535662] clocksource: jiffies: mask: 0xffffffff max_cycles: 0xffffffff, max_idle_ns: 7645041785100000 ns
[   36.711673] futex hash table entries: 512 (order: 3, 32768 bytes)
[   36.842870] pinctrl core: initialized pinctrl subsystem
[   36.959745] RTC time: 13:00:27, date: 05/17/18
[   37.032730] NET: Registered protocol family 16
[   37.115395] cpuidle: using governor ladder
[   37.195265] cpuidle: using governor menu
[   37.231340] PCCT header not found.
[   37.279196] ACPI: bus type PCI registered
[   37.316140] acpiphp: ACPI Hot Plug PCI Controller Driver version: 0.5
[   37.367249] PCI: Using configuration type 1 for base access
[   37.464244] ACPI: Added _OSI(Module Device)
[   37.531184] ACPI: Added _OSI(Processor Device)
[   37.616491] ACPI: Added _OSI(3.0 _SCP Extensions)
[   37.687762] ACPI: Added _OSI(Processor Aggregator Device)
[   37.743176] ACPI: Executed 1 blocks of module-level executable AML code
[   37.866627] ACPI: Interpreter enabled
[   37.936288] ACPI: (supports S0 S5)
[   38.015281] ACPI: Using IOAPIC for interrupt routing
[   38.084763] PCI: Using host bridge windows from ACPI; if necessary, use "pci=nocrs" and report a bug
[   38.248773] ACPI: PCI Root Bridge [PCI0] (domain 0000 [bus 00-ff])
[   38.364226] acpi PNP0A03:00: _OSC: OS supports [ASPM ClockPM Segments MSI]
[   38.462789] acpi PNP0A03:00: _OSC: not requesting OS control; OS requires [ExtendedConfig ASPM ClockPM MSI]
[   38.640951] acpi PNP0A03:00: fail to add MMCONFIG information, can't access extended PCI configuration space under this bridge.
[   38.873168] PCI host bridge to bus 0000:00
[   38.948579] pci_bus 0000:00: root bus resource [io  0x0000-0x0cf7 window]
[   39.081907] pci_bus 0000:00: root bus resource [io  0x0d00-0xffff window]
[   39.233989] pci_bus 0000:00: root bus resource [mem 0x000a0000-0xx00bffff window]
[   39.384471] pci_bus 0000:00: root bus resource [mem 0x80000000-0xfdffffff window]
[   39.515421] pci_bus 0000:00: root bus resource [bus 00-ff]
[   39.586790] pci 0000:00:01.1: legacy IDE quirk: reg 0x10: [io  0x01f0-0x01f7]
[   39.670337] pci 0000:00:01.1: legacy IDE quirk: reg 0x14: [io  0x03f6]
[   39.755143] pci 0000:00:01.1: legacy IDE quirk: reg 0x18: [io  0x0170-0x0177]
[   39.904875] pci 0000:00:01.1: legacy IDE quirk: reg 0x1c: [io  0x0376]
[   40.009995] pci 0000:00:07.0: quirk: [io  0x4000-0x403f] claimed by PIIX4 ACPI
[   40.099445] pci 0000:00:07.0: quirk: [io  0x4100-0x410f] claimed by PIIX4 SMB
[   40.237043] ACPI: PCI Interrupt Link [LNKA] (IRQs 5 9 10 *11)
[   40.339176] ACPI: PCI Interrupt Link [LNKB] (IRQs 5 9 *10 11)
[   40.425023] ACPI: PCI Interrupt Link [LNKC] (IRQs 5 *9 10 11)
[   40.523300] ACPI: PCI Interrupt Link [LNKD] (IRQs 5 9 10 *11)
[   40.619227] ACPI: Enabled 2 GPEs in block 00 to 07
[   40.656679] vgaarb: setting as boot device: PCI:0000:00:02.0
[   40.727812] vgaarb: device added: PCI:0000:00:02.0,decodes=io+mem,owns=io+mem,locks=none
[   40.729578] vgaarb: loaded
[   40.731353] vgaarb: bridge control possible 0000:00:02.0
[   40.826149] SCSI subsystem initialized
[   40.915398] ACPI: bus type USB registered
[   40.989945] usbcore: registered new interface driver usbfs
[   41.092110] usbcore: registered new interface driver hub
[   41.196735] usbcore: registered new device driver usb
[   41.292880] PCI: Using ACPI for IRQ routing
[   41.368460] NetLabel: Initializing
[   41.440454] NetLabel:  domain hash size = 128
[   41.527348] NetLabel:  protocols = UNLABELED CIPSOv4
[   41.619942] NetLabel:  unlabeled traffic allowed by default
[   41.729457] amd_nb: Cannot enumerate AMD northbridges
[   41.751787] clocksource: Switched to clocksource kvm-clock
[   .861 AArr:ppmoFieste Ebl
  2.60] np: P PIint
[  4.94411]npPnACI:fod  dics
[   43.517365] clocksource: acpi_pm: mask: 0xffffff max_cycles: 0xffffff, max_idle_ns: 2085701024 ns
[   43.665813] NET: Registered protocol family 2
[   43.694570] TCP established hash table entries: 16384 (order: 5, 131072 bytes)
[   43.807282] TCP bind hash table entries: 16384 (order: 6, 262144 bytes)
[   43.946755] TCP: Hash tables configured (established 16384 bind 16384)
[   44.026442] UDP hash table entries: 1024 (order: 3, 32768 bytes)
[   44.038635] UDP-Lite hash table entries: 1024 (order: 3, 32768 bytes)
[   44.086162] NET: Registered protocol family 1
[   44.107855] pci 0000:00:00.0: Limiting direct PCI/PCI transfers
[   44.174081] pci 0000:00:01.0: Activating ISA DMA hang workarounds
[   44.246271] Unpacking initramfs...
[   46.555436] Freeing initrd memory: 10912K
[   46.594351] platform rtc_cmos: registered platform RTC device (no PNP device found)
[   46.725795] Scanning for low memory corruption every 60 seconds
[   46.828955] audit: initializing netlink subsys (disabled)
[   46.902452] audit: type=2000 audit(1526562001.297:1): initialized
[   46.966847] Initialise system trusted keyring
[   47.025623] HugeTLB registered 2 MB page size, pre-allocated 0 pages
[   47.117485] zbud: loaded
[   47.159729] VFS: Disk quotas dquot_6.6.0
[   47.243686] VFS: Dquot-cache hash table entries: 512 (order 0, 4096 bytes)
[   47.375301] squashfs: version 4.0 (2009/01/31) Phillip Lougher
[   47.474007] fuse init (API version 7.23)
[   47.489264] Key type big_key registered
[   47.507291] Allocating IMA MOK and blacklist keyrings.
[   47.537324] Key type asymmetric registered
[   47.563836] Asymmetric key parser 'x509' registered
[   47.591795] Block layer SCSI generic (bsg) driver version 0.4 loaded (major 249)
[   47.620619] tsc: Refined TSC clocksource calibration: 2591.189 MHz
[   47.628939] io scheduler noop registered
[   47.628942] io scheduler deadline registered (default)
[   47.628992] io scheduler cfq registered
[   47.629104] pci_hotplug: PCI Hot Plug PCI Core version: 0.5
[   47.629109] pciehp: PCI Express Hot Plug Controller Driver version: 0.4
[   47.629448] ACPI: AC Adapter [AC] (on-line)
[   47.629505] input: Power Button as /devices/LNXSYSTM:00/LNXPWRBN:00/input/input0
[   47.629508] ACPI: Power Button [PWRF]
[   47.629582] input: Sleep Button as /devices/LNXSYSTM:00/LNXSLPBN:00/input/input1
[   47.629584] ACPI: Sleep Button [SLPF]
[   47.629730] GHES: HEST is not enabled!
[   47.630759] ACPI: Battery Slot [BAT0] (battery present)
[   47.685377] Serial: 8250/16550 driver, 32 ports, IRQ sharing enabled
[   47.756298] 00:02: ttyS0 at I/O 0x3f8 (irq = 4, base_baud = 115200) is a 16550A
[   47.827205] Linux agpgart interface v0.103
[   47.830230] loop: module loaded
[   47.830863] scsi host0: ata_piix
[   47.830930] scsi host1: ata_piix
[   47.830962] ata1: PATA max UDMA/33 cmd 0x1f0 ctl 0x3f6 bmdma 0xd000 irq 14
[   47.830963] ata2: PATA max UDMA/33 cmd 0x170 ctl 0x376 bmdma 0xd008 irq 15
[   47.831056] libphy: Fixed MDIO Bus: probed
[   47.831059] tun: Universal TUN/TAP device driver, 1.6
[   47.831059] tun: (C) 1999-2004 Max Krasnyansky <maxk@qualcomm.com>
[   47.831382] PPP generic driver version 2.4.2
[   47.831444] ehci_hcd: USB 2.0 'Enhanced' Host Controller (EHCI) Driver
[   47.831449] ehci-pci: EHCI PCI platform driver
[   47.831465] ehci-platform: EHCI generic platform driver
[   47.831474] ohci_hcd: USB 1.1 'Open' Host Controller (OHCI) Driver
[   47.831478] ohci-pci: OHCI PCI platform driver
[   47.831487] ohci-platform: OHCI generic platform driver
[   47.831495] uhci_hcd: USB Universal Host Controller Interface driver
[   47.831554] i8042: PNP: PS/2 Controller [PNP0303:PS2K,PNP0f03:PS2M] at 0x60,0x64 irq 1,12
[   47.832076] serio: i8042 KBD port at 0x60,0x64 irq 1
[   47.832081] serio: i8042 AUX port at 0x60,0x64 irq 12
[   47.832185] mousedev: PS/2 mouse device common for all mice
[   47.832462] input: AT Translated Set 2 keyboard as /devices/platform/i8042/serio0/input/input2
[   47.832810] rtc_cmos rtc_cmos: rtc core: registered rtc_cmos as rtc0
[   47.832869] rtc_cmos rtc_cmos: alarms up to one day, 114 bytes nvram
[   47.832876] i2c /dev entries driver
[   47.832929] device-mapper: uevent: version 1.0.3
[   47.832984] device-mapper: ioctl: 4.34.0-ioctl (2015-10-28) initialised: dm-devel@redhat.com
[   47.832998] ledtrig-cpu: registered to indicate activity on CPUs
[   47.833532] NET: Registered protocol family 10
[   47.833676] NET: Registered protocol family 17
[   47.833686] Key type dns_resolver registered
[   47.833904] registered taskstats version 1
[   47.833921] Loading compiled-in X.509 certificates
[   47.834534] Loaded X.509 cert 'Build time autogenerated kernel key: 97a7db5071cab428e7f67f96f51ed8d32b3fc527'
[   47.834549] zswap: loaded using pool lzo/zbud
[   47.836523] Key type trusted registered
[   47.839008] Key type encrypted registered
[   47.839014] AppArmor: AppArmor sha1 policy hashing enabled
[   47.839017] ima: No TPM chip found, activating TPM-bypass!
[   47.839036] evm: HMAC attrs: 0x1
[   47.839289]   Magic number: 2:610:28
[   47.862437] rtc_cmos rtc_cmos: setting system clock to 2018-05-17 13:00:38 UTC (1526562038)
[   47.862556] BIOS EDD facility v0.16 2004-Jun-25, 0 devices found
[   47.862556] EDD information not available.
[   50.888823] clocksource: tsc: mask: 0xffffffffffffffff max_cycles: 0x2559b8e95cd, max_idle_ns: 440795322035 ns
[   50.937357] Freeing unused kernel memory: 1508K
[   51.764438] Write protecting the kernel read-only data: 14336k
[   51.951084] Freeing unused kernel memory: 1696K
[   52.037178] Freeing unused kernel memory: 100K
Loading, please wait...
[   52.104720] random: systemd-udevd: uninitialized urandom read (16 bytes read, 9 bits of entropy available)
starting version[   52.105476] random: udevadm: uninitialized urandom read (16 bytes read, 9 bits of entropy available)
 229
[   52.105511] random: udevadm: uninitialized urandom read (16 bytes read, 9 bits of entropy available)
[   52.115779] random: udevadm: uninitialized urandom read (16 bytes read, 9 bits of entropy available)
[   52.115956] random: udevadm: uninitialized urandom read (16 bytes read, 9 bits of entropy available)
[   52.116125] random: udevadm: uninitialized urandom read (16 bytes read, 9 bits of entropy available)
[   52.116185] random: udevadm: uninitialized urandom read (16 bytes read, 9 bits of entropy available)
[   52.116242] random: udevadm: uninitialized urandom read (16 bytes read, 9 bits of entropy available)
[   52.116298] random: udevadm: uninitialized urandom read (16 bytes read, 9 bits of entropy available)
[   52.116369] random: udevadm: uninitialized urandom read (16 bytes read, 9 bits of entropy available)
[   53.669818] e1000: Intel(R) PRO/1000 Network Driver - version 7.3.21-k8-NAPI
[   53.756989] e1000: Copyright (c) 1999-2006 Intel Corporation.
[   53.761361] Fusion MPT base driver 3.04.20
[   53.796078] Copyright (c) 1999-2008 LSI Corporation
[   53.846793] AVX2 version of gcm_enc/dec engaged.
[   53.876824] AES CTR mode by8 optimization enabled
[   53.917512] Fusion MPT SPI Host driver 3.04.20
[   54.028948] input: ImExPS/2 Generic Explorer Mouse as /devices/platform/i8042/serio1/input/input4
[   54.213238] e1000 0000:00:03.0 eth0: (PCI:33MHz:32-bit) 02:ee:24:bb:8a:f6
[   54.301650] e1000 0000:00:03.0 eth0: Intel(R) PRO/1000 Network Connection
[   54.375507] mptbase: ioc0: Initiating bringup
[   54.473371] e1000 0000:00:03.0 enp0s3: renamed from eth0
[   54.645066] ioc0: LSI53C1030 A0: Capabilities={Initiator}
[   54.870212] scsi host2: ioc0: LSI53C1030 A0, FwRev=00000000h, Ports=1, MaxQ=256, IRQ=20
[   55.120694] scsi 2:0:0:0: Direct-Access     VBOX     HARDDISK         1.0  PQ: 0 ANSI: 5
[   55.241333] scsi target2:0:0: Beginning Domain Validation
[   55.338267] scsi target2:0:0: Domain Validation skipping write tests
[   55.766466] scsi target2:0:0: Ending Domain Validation
[   55.947525] scsi target2:0:0: asynchronous
[   56.069338] scsi 2:0:1:0: Direct-Access     VBOX     HARDDISK         1.0  PQ: 0 ANSI: 5
[   56.221157] scsi target2:0:1: Beginning Domain Validation
[   57.067612] scsi target2:0:1: Domain Validation skipping write tests
[   57.206049] scsi target2:0:1: Ending Domain Validation
[   57.310211] scsi target2:0:1: asynchronous
[   58.039573] sd 2:0:0:0: Attached scsi generic sg0 type 0
[   58.141277] sd 2:0:0:0: [sda] 20971520 512-byte logical blocks: (10.7 GB/10.0 GiB)
[   58.141501] sd 2:0:1:0: [sdb] 20480 512-byte logical blocks: (10.5 MB/10.0 MiB)
[   58.141622] sd 2:0:1:0: Attached scsi generic sg1 type 0
[   58.141654] sd 2:0:1:0: [sdb] Write Protect is off
[   58.141756] sd 2:0:1:0: [sdb] Incomplete mode parameter data
[   58.141758] sd 2:0:1:0: [sdb] Assuming drive cache: write through
[   58.143594] sd 2:0:1:0: [sdb] Attached SCSI disk
[   58.488659] sd 2:0:0:0: [sda] Write Protect is off
[   58.565855] sd 2:0:0:0: [sda] Incomplete mode parameter data
[   58.640491] sd 2:0:0:0: [sda] Assuming drive cache: write through
[   58.754783]  sda: sda1
[   58.778510] sd 2:0:0:0: [sda] Attached SCSI disk
Begin: Loading e[   60.185178] md: linear personality registered for level -1
ssential drivers[   60.298935] md: multipath personality registered for level -4
 ... [   60.439502] md: raid0 personality registered for level 0
[   60.515990] md: raid1 personality registered for level 1
[   60.687973] raid6: sse2x1   gen()  8320 MB/s
[   60.847988] raid6: sse2x1   xor()  6258 MB/s
[   60.979852] raid6: sse2x2   gen() 10419 MB/s
[   61.111946] raid6: sse2x2   xor()  5875 MB/s
[   61.248040] raid6: sse2x4   gen() 11703 MB/s
[   61.363994] raid6: sse2x4   xor()  7814 MB/s
[   61.495947] raid6: avx2x1   gen() 16228 MB/s
[   61.631963] raid6: avx2x2   gen() 18202 MB/s
[   61.795915] raid6: avx2x4   gen() 20111 MB/s
[   61.880457] raid6: using algorithm avx2x4 gen() 20111 MB/s
[   61.976798] raid6: using avx2x2 recovery algorithm
[   62.039239] xor: automatically using best checksumming function:
[   62.175940]    avx       : 12971.000 MB/sec
[   62.208568] async_tx: api initialized (async)
[   62.238060] md: raid6 personality registered for level 6
[   62.338087] md: raid5 personality registered for level 5
[   62.366169] md: raid4 personality registered for level 4
[   62.379334] md: raid10 personality registered for level 10
done.
Begin: Running /scripts/init-premount ... done.
Begin: M[   62.565385] Btrfs loaded
ounting root file system ... Begin: Running /scripts/local-top ... done.
Begin: Running /scripts/local-premount ... Scanning for Btrfs filesyst[   62.619526] EXT4-fs (sda1): mounted filesystem with ordered data mode. Opts: (null)
ems
done.
Warning: fsck not present, so skipping root file system
done.
Begin: Running /scripts/local-bottom ... done.
Begin: Running /scripts/init-bottom ... done.
[   62.904164] systemd[1]: systemd 229 running in system mode. (+PAM +AUDIT +SELINUX +IMA +APPARMOR +SMACK +SYSVINIT +UTMP +LIBCRYPTSETUP +GCRYPT +GNUTLS +ACL +XZ -LZ4 +SECCOMP +BLKID +ELFUTILS +KMOD -IDN)
[   63.243142] systemd[1]: Detected virtualization oracle.
[   63.314948] systemd[1]: Detected architecture x86-64.

Welcome to [1mUbuntu 16.04.4 LTS[0m!

[ 63960]ysmd[1]:ethostname to <unt.
[   64.032904] systemd[1]: Initializing machine ID from random generator.
[   64.165749] systemd[1]: Installed transient /etc/machine-id file.
[   64.327100] random: nonblocking pool is initialized
[   64.470176] systemd[1]: Reached target User and Group Name Lookups.
[[0;32m  OK  [0m] Reached target User and Group Name Lookups.
[ 6435239] system1] Listening  DicmaerventdaonIFs.
[[0;32m  OK  [0m] Listening on Device-mapper event daemon FIFOs.
[ 65376]syem[1]: Listeinon Journaloct. [[0;32m  OK  [0m] Listening on Journal Socket.
[   661013syem1]Lieng n ev Kernel Sockt.
[[0;32m  OK  [0m] Listening on udev Kernel Socket.
[  66.083] systemd[: ead li SteSle.
[[0;32m  OK  [0m] Created slice System Slice.
[ 674020] std[: stening oSyslog Socket.
[[0;32m  OK  [0m] Listening on Syslog Socket.
[   67.936299] systemd[1]: Mounting POSIX Message Queue File System...
         Mounting POSIX Message Queue File System...
[  8.82] std[: acd rg SteTi Synchnied.
[[0;32m  OK  [0m] Reached target System Time Synchronized.
[   68.952127] systemd[1]: Starting Nameserver information manager...
         Starting Nameserver information manager...
[ 693425syte[1 Lsting  Jurna Ske(/ev/log.

[[0;32m  OK  [0m] Listening on Journal Socket (/dev/log).
[ 706048syte[1 Cat sceysm-seril\dgetty.lie.
[[0;32m  OK  [0m] Created slice system-serial\x2dgetty.slice.
[   71.056122] systemd[1]: Starting Uncomplicated firewall...
         Starting Uncomplicated firewall...
[  7.117 sstd[]:isnig  uv onol Socket.
[[0;32m  OK  [0m] Listening on udev Control Socket.
[   71.884781] systemd[1]: Starting Create list of required static device nodes for the current kernel...
         Starting Create list of required st... nodes for the current kernel...
[ 723364] sted[: t  aomntrbiray Excutabe il FortsilSyemAutomout in
[[0;32m  OK  [0m] Set up automount Arbitrary Executab...ats File System Automount Point.
[   73.388189] systemd[1]: Starting Set console keymap...
         Starting Set console keymap...
[   73.421876] systemd[1]: Reached target Swap.
[[0;32m  OK  [0m] Reached target Swap.
[   73.444848] systemd[1]: Created slice User and Session Slice.
[[0;32m  OK  [0m] Created slice User and Session Slice.
[   73.484161] systemd[1]: Reached target Slices.
[[0;32m  OK  [0m] Reached target Slices.
[   73.524336] systemd[1]: Mounting Debug File System...
         Mounting Debug File System...
[   73.568270] systemd[1]: Listening on /dev/initctl Compatibility Named Pipe.
[[0;32m  OK  [0m] Listening on /dev/initctl Compatibility Named Pipe.
[ 73.622] systemd[1]: Listenig  L2 lldaemonsoet.

[[0;32m  OK  [0m] Listening on LVM2 poll daemon socket.
[ 746848syem1]: Sard rwd PassrdRequess  Wl reory tc

[[0;32m  OK  [0m] Started Forward Password Requests to Wall Directory Watch.
[   .324 sted[: aredriggr solvonupteoretorkd DNS
[[0;32m  OK  [0m] Started Trigger resolvconf update for networkd DNS.
[ 76365]syem1]: Listinonoual AuditSoket.
[[0;32m  OK  [0m] Listening on Journal Audit Socket.
[   77.148184] systemd[1]: Starting Journal Service...
         Starting Journal Service...
[ 77.28489syem1]Rehetaet Encrypted Volumes.
[[0;32m  OK  [0m] Reached target Encrypted Volumes.
[   77.840094] systemd[1]: Mounting Huge Pages File System...
         Mounting Huge Pages File System...
[   77.948121] systemd[1]: Starting Remount Root and Kernel File Systems...
         [   77.994252] EXT4-fs (sda1): re-mounted. Opts: (null)
Starting Remount Root and Kernel File Systems...
[   8.086]ysmd]:isni o LVMmedaa damosockt.
[[0;32m  OK  [0m] Listening on LVM2 metadata daemon socket.
[   79.016407] systemd[1]: Starting Monitoring of LVM2 mirrors, snapshots etc. using dmeventd or progress polling...
         Starting Monitoring of LVM2 mirrors... dmeventd or progress polling...
[   79.152195] systemd[1]: Starting Load Kernel Modules...
         [   79.246952] Loading iSCSI transport class v2.0-870.
Starting Load Kernel Modules...[   79.333939] iscsi: registered transport (tcp)

[   79.416840] systemd[1]: Mounted POSIX Message Queue File System.
[[0;32m  OK  [0[   79.548148] iscsi: registered transport (iser)
m] Mounted POSIX Message Queue File System.
[ 7945212]syemd[1]: Mont DbuFie Syem
[[0;32m  OK  [0m] Mounted Debug File System.
[ 80601]ysmd]:Mont Hge Pges leSyst.
[[0;32m  OK  [0m] Mounted Huge Pages File System.
[ 811244 ste[1: Strt Jourl rve.
[[0;32m  OK  [0m] Started Journal Service.
[[0;32m  OK  [0m] Started Uncomplicated firewall.
[[0;32m  OK  [0m] Started Create list of required sta...ce nodes for the current kernel.
[[0;32m  OK  [0m] Started Set console keymap.
[[0;32m  OK  [0m] Started Remount Root and Kernel File Systems.
[[0;32m  OK  [0m] Started Load Kernel Modules.
[[0;32m  OK  [0m] Started Nameserver information manager.
[[0;32m  OK  [0m] Started LVM2 metadata daemon.
         Starting Apply Kernel Variables...
         Mounting FUSE Control File System...
         Starting udev Coldplug all Devices...
         Starting Initial cloud-init job (pre-networking)...
         Starting Load/Save Random Seed...
         Starting Create Static Device Nodes in /dev...
         Starting Flush Journal to Persistent Storage...
[[0;32m  OK  [0m] Mounted FUSE Control File System.
[[0;32m  OK  [0m] Started Monitoring of LVM2 mirrors,...ng dmeventd or progress polling.
[[0;32m  OK  [0m] Started Apply Kernel Variables.
[[0;32m  OK  [0m] Started Load/Save Random Seed.
[[0;32m  OK  [0m] Started Create Static Device Nodes in /dev.
[[0;32m  OK  [0m] Started udev Coldplug all Devices.
[[0;32m  OK  [0m] Started Flush Journal to Persistent Storage.
         Starting udev Kernel Device Manager...
[[0;32m  OK  [0m] Started udev Kernel Device Manager.
[[0;32m  OK  [0m] Started Dispatch Password Requests to Console Directory Watch.
[[0;32m  OK  [0m] Reached target Local File Systems (Pre).
[[0;32m  OK  [0m] Reached target Local File Systems.
[   42.117502] cloud-init[446]: Cloud-init v. 18.2 running 'init-local' at Thu, 17 May 2018 13:01:13 +0000. Up 41.85 seconds.
         Starting Set console font and keymap...
         Starting Tell Plymouth To Write Out Runtime Data...
         Starting Create Volatile Files and Directories...
         Starting Commit a transient machine-id on disk...
         Starting LSB: AppArmor initialization...
[[0;1;31mFAILED[0m] Failed to start Set console font and keymap.
See 'systemctl status console-setup.service' for details.
[[0;32m  OK  [0m] Started Tell Plymouth To Write Out Runtime Data.
[[0;32m  OK  [0m] Started Create Volatile Files and Directories.
[[0;32m  OK  [0m] Started Commit a transient machine-id on disk.
[[0;32m  OK  [0m] Started Initial cloud-init job (pre-networking).
[[0;32m  OK  [0m] Found device /dev/ttyS0.
[[0;32m  OK  [0m] Listening on Load/Save RF Kill Switch Status /dev/rfkill Watch.
[[0;32m  OK  [0m] Reached target Network (Pre).
         Starting Update UTMP about System Boot/Shutdown...
[[0;32m  OK  [0m] Created slice system-getty.slice.
[[0;32m  OK  [0m] Started Update UTMP about System Boot/Shutdown.
[[0;32m  OK  [0m] Started LSB: AppArmor initialization.
[[0;32m  OK  [0m] Started ifup for enp0s3.
         Starting Raise network interfaces...
[[0;32m  OK  [0m] Started Raise network interfaces.
         Starting Initial cloud-init job (metadata service crawler)...
[[0;32m  OK  [0m] Reached target Network.
[   46.598085] cloud-init[913]: Cloud-init v. 18.2 running 'init' at Thu, 17 May 2018 13:01:17 +0000. Up 45.68 seconds.
[[0;32m  OK  [0m] Started Initial cloud-init job (metadata service crawler).
[[0;32m  OK  [0m] Reached target Network is Online.
[   46.694665] cloud-init[913]: ci-info: +++++++++++++++++++++++++++++++++++++Net device info++++++++++++++++++++++++++++++++++++++
[   46.892388]          cloud-initStarting iSCSI initiator daemon (iscsid)...[913]: 
ci-info: +--------+------+----------------------------+---------------+-------+-------------------+
[   47.016695] cloud-init[913]: ci-info: | Device |  Up  |          Address           |      Mask     | Scope |     Hw-Address    |
[[0;32m  OK  [0m] Reached target System Initialization.
[[0;32m  OK  [0m] Listening on UUID daemon activation socket.
[[0;32m  OK  [0m] Listening on ACPID Listen Socket.
[   47.017494] cloud-init[913]: ci-info: +--------+------+----------------------------+---------------+-------+-------------------+
[   47.348536] [cloud-init[0;32m  OK  [0m[913]: ] ci-info: | enp0s3 | True |         10.0.2.15          | 255.255.255.0 |   .   | 02:ee:24:bb:8a:f6 |Listening on D-Bus System Message Bus Socket.

[[0;32m  OK  [0m] Started Daily Cleanup of Temporary Directories.
[   47.348950] cloud-init[913]: ci-info: | enp0s3 | True | fe80::ee:24ff:febb:8af6/64 |       .       |  link | 02:ee:24:bb:8a:f6 |
[   47.664636]          cloud-initStarting LXD - unix socket.[913]: 
ci-info: |   lo   | True |         127.0.0.1          |   255.0.0.0   |   .   |         .         |
[   47.748393] cloud-init[913]: ci-info: |   lo   | True |          ::1/128           |       .       |  host |         .         |
         Starting Socket activation for snappy daemon.
[   47.749110] [cloud-init[0;32m  OK  [0m[913]: ] ci-info: +--------+------+----------------------------+---------------+-------+-------------------+Started ACPI Events Check.

[   47.951658] [cloud-init[0;32m  OK  [0m[913]: ] ci-info: +++++++++++++++++++++++++++Route IPv4 info++++++++++++++++++++++++++++Reached target Paths.

[[0;32m  OK  [0m] Started Daily apt download activities.
[[0;32m  OK  [0m] Started Daily apt upgrade and clean activities.[   47.952732] 
cloud-init[913]: ci-info: +-------+-------------+----------+---------------+-----------+-------+
[[0;32m  OK  [0m] Reached target Timers.
[   48.224509] [cloud-init[0;32m  OK  [0m[913]: ] ci-info: | Route | Destination | Gateway  |    Genmask    | Interface | Flags |Reached target Cloud-config availability.

[   48.225133] cloud-init[913]: ci-info: +-------+-------------+----------+---------------+-----------+-------+
[   48.352430] [cloud-init[0;32m  OK  [0m[913]: ] ci-info: |   0   |   0.0.0.0   | 10.0.2.2 |    0.0.0.0    |   enp0s3  |   UG  |Listening on LXD - unix socket.

[   48.353125] cloud-init[913]: ci-info: |   1   |   10.0.2.0  | 0.0.0.0  | 255.255.255.0 |   enp0s3  |   U   |
[[0;32m  OK  [0m] Listening on Socket activation for snappy daemon.
[[0;32m  OK  [0m] Started iSCSI initiator daemon (iscsid).
[   48.437133] cloud-init[913]: ci-info: +-------+-------------+----------+---------------+-----------+-------+
         Starting Login to default iSCSI targets...
[   48.623267] [cloud-init[0;32m  OK  [0m[913]: ] Generating public/private rsa key pair.Reached target Sockets.

[   48.728446] [cloud-init[0;32m  OK  [0m[913]: ] Your identification has been saved in /etc/ssh/ssh_host_rsa_key.Reached target Basic System.

[   48.728943] cloud-init[913]: Your public key has been saved in /etc/ssh/ssh_host_rsa_key.pub.
[   48.856577] [cloud-init[0;32m  OK  [0m[913]: ] The key fingerprint is:Started Deferred execution scheduler.

[   48.857105] cloud-init[913]: SHA256:DTBgYIGl5zJhnWi+LCVVzRbCJGmZ778FIeS1xIdYzBE root@ubuntu-xenial
[   48.948811] [cloud-init[0;32m  OK  [0m[913]: ] The key's randomart image is:Started ACPI event daemon.

[   48.949266] cloud-init[913]: +---[RSA 2048]----+
[   49.036350] [cloud-init[0;32m  OK  [0m[913]: ] | o*OBXE=         |Started D-Bus System Message Bus.

[   49.037227] cloud-init[913]: |.oB*++O+.        |
[   49.120572] [cloud-init[0;32m  OK  [0m[913]: ] Started Unattended Upgrades Shutdown.
|o=o+o.o..        |
[   49.156335]          cloud-initStarting Virtualbox guest utils...[913]: 
|+=  .. . o       |
[   49.220735]          cloud-initStarting /etc/rc.local Compatibility...[913]: |+.o.  . S .      |

[   49.221552] cloud-init[913]: |.=. .  .         |
[   49.300458] [cloud-init[0;32m  OK  [0m[913]: ] |.o   .  .        |Started Regular background program processing daemon.

[   49.301239] cloud-init[913]: |.     ..         |
[   49.384526]          cloud-initStarting Login Service...[913]: 
|      ..         |
[   49.432693]          cloud-initStarting LXD - container startup/shutdown...[913]: 
+----[SHA256]-----+
         Starting Apply the settings specified in cloud-config...
[   49.500449] cloud-init[913]: Generating public/private dsa key pair.
[   49.620731]          cloud-initStarting LSB: MD monitoring daemon...[913]: 
Your identification has been saved in /etc/ssh/ssh_host_dsa_key.
         Starting LSB: Record successful boot for GRUB...
[   49.704447] cloud-init[913]: Your public key has been saved in /etc/ssh/ssh_host_dsa_key.pub.
         Starting Snappy daemon...
[   49.768501] cloud-init[913]: The key fingerprint is:
         Starting Pollinate to seed the pseudo random number generator...
[   49.824498] cloud-init[913]: SHA256:4V05Bbo0Tc+yjE0BEReYROWDrExCFVvufty5RO1A7fw root@ubuntu-xenial
[   49.924578] [cloud-init[0;32m  OK  [0m[913]: ] The key's randomart image is:Started FUSE filesystem for LXC.

[   49.924986] cloud-init[913]: +---[DSA 1024]----+
[   50.032639]          cloud-initStarting Accounts Service...[913]: 
|      ..o+BBBo.  |
[   50.081770]          cloud-initStarting System Logging Service...[913]: 
|     .   =oB * . |
[   50.082449] cloud-init[913]: |      . + B X + .|
[   50.180475] [cloud-init[0;32m  OK  [0m[913]: ] |       = * O * + |Started Snappy daemon.

[   50.181361] [cloud-init[0;32m  OK  [0m[913]: ] |        S = + o +|Started System Logging Service.

[   50.267246] [[0;32m  OK  [0m] Started /etc/rc.local Compatibility.
cloud-init[913]: |         . . o +.|
[   50.296300] [cloud-init[0;32m  OK  [0m[913]: ] |          . o + E|Started LXD - container startup/shutdown.

[   50.340348] [cloud-init[913]: |           . . . |
[0;32m  OK  [0m] Started Login to default iSCSI targets.
[   50.341183] cloud-init[913]: |              .  |
[   50.436828] cloud-init[913]: +----[SHA256]-----+
[   50.457156] cloud-init[913]: Generating public/private ecdsa key pair.
[   50.488700] [cloud-init[0;32m  OK  [0m[913]: ] Your identification has been saved in /etc/ssh/ssh_host_ecdsa_key.Started LSB: Record successful boot for GRUB.

[   50.596941] [cloud-init[0;32m  OK  [0m[913]: ] Your public key has been saved in /etc/ssh/ssh_host_ecdsa_key.pub.Started LSB: MD monitoring daemon.

[   50.679060] [cloud-init[0;32m  OK  [0m[913]: ] The key fingerprint is:Started Virtualbox guest utils.

[   50.679567] cloud-init[913]: SHA256:DWzigmiSEnLyt+SlT0FRZA7NxO6B++iR5mrbF53eRRI root@ubuntu-xenial
[[0;32m  OK  [0m] Started Login Service.
[   50.812814] cloud-init[913]: The key's randomart image is:
[   50.852587] cloud-init[913]: +---[ECDSA 256]---+
         Starting Authenticate and Authorize Users to Run Privileged Tasks...
[[0;32m  OK  [0m] Reached target Remote File Systems (Pre).
[[0;32m  OK  [0m] Reached target Remote File Systems.
[   50.853388] cloud-init[913]: |      oB=        |
[   51.024315] cloud-init[913]: |       *+   E    |
         Starting LSB: automatic crash report generation...
[   51.024903] cloud-init[913]: |+ .   oo=    .   |
[   51.127453]          cloud-initStarting LSB: daemon to balance interrupts for SMP systems...[913]: 
|.B . o.ooo  . .  |
[   51.192439] cloud-init[913]: |=.o + +oSo.. o   |
         Starting Permit User Sessions...
[   51.244848] cloud-init[913]: |+  + =.oo o   .  |
[   51.288330]          cloud-initStarting LSB: Set the CPU Frequency Scaling governor to "ondemand"...[913]: 
|    + =o o . .   |
[   51.368456] [cloud-init[0;32m  OK  [0m[913]: ] |    .*..o . .    |Started Permit User Sessions.

[   51.368916] cloud-init[913]: |   .o+=.         |
[[0;32m  OK  [0m] Started Authenticate and Authorize Users to Run Privileged Tasks.
[   51.417117] cloud-init[913]: +----[SHA256]-----+
[[0;32m  OK  [0m] Started Accounts Service.
[   51.500635] cloud-init[913]: Generating public/private ed25519 key pair.
[   51.588458] [cloud-init[0;32m  OK  [0m[913]: ] Your identification has been saved in /etc/ssh/ssh_host_ed25519_key.Started LSB: automatic crash report generation.

[[0;32m  OK  [0m] Started LSB: daemon to balance interrupts for SMP systems.
[   51.589383] cloud-init[913]: Your public key has been saved in /etc/ssh/ssh_host_ed25519_key.pub.
         Starting Hold until boot process finishes up...
[   51.764627] cloud-init[913]: The key fingerprint is:
[   51.832458]          cloud-initStarting Terminate Plymouth Boot Screen...[913]: 
SHA256:7f282tA6U8aaZxM+NC6U3p+LlMUW/V92bQV/tEuRotk root@ubuntu-xenial
[   51.833446] cloud-init[913]: The key's randomart image is:
[   51.913215] [[0;32m  OK  [0m] Started Apply the settings specified in cloud-config.
cloud-init[[913]: [0;32m  OK  [0m+--[ED25519 256]--+] 
Started LSB: Set the CPU Frequency Scaling governor to "ondemand".
[[0;32m  OK  [0m] Started Hold until boot process finishes up.
[   52.068369] cloud-init[913]: |              ..o|
[   52.124494] cloud-init[913]: |             . =+|
[   52.164432] cloud-init[913]: |            + .+=|
[   52.192369] cloud-init[913]: |         . o Eo B|
[   52.206079] cloud-init[913]: |        S .  o =B|
[   52.206605] cloud-init[913]: |         . .o.@o+|
[[0;32m  OK  [0m] Started Terminate Plymouth Boot Screen.
[   52.206877] cloud-init[913]: |          .oo%.o.|
[   52.316685] cloud-init[913]: |            O*X .|
[[0;32m  OK  [0m] Started Pollinate to seed the pseudo random number generator.
[   52.318320] cloud-init[913]: |            oO=Bo|
[   52.412647] cloud-init[913]: +----[SHA256]-----+
         Starting OpenBSD Secure Shell server...
[   52.423631] cloud-init[1036]: Generating locales (this might take a while)...
[   52.528486] cloud-init[1036]:   en_US.UTF-8... done
[   52.528804] cloud-init[1036]: Generation complete.
[[0;32m  OK  [0m] Started Getty on tty1.
[   52.529158] cloud-init[1036]: Cloud-init v. 18.2 running 'modules:config' at Thu, 17 May 2018 13:01:21 +0000. Up 49.87 seconds.
         Starting Set console scheme...
[[0;32m  OK  [0m] Started Serial Getty on ttyS0.
[[0;32m  OK  [0m] Reached target Login Prompts.
[[0;32m  OK  [0m] Started OpenBSD Secure Shell server.
[[0;32m  OK  [0m] Started Set console scheme.
[[0;32m  OK  [0m] Created slice User Slice of vagrant.
         Starting User Manager for UID 1000...
[[0;32m  OK  [0m] Started Session 1 of user vagrant.
[[0;32m  OK  [0m] Reached target Multi-User System.
         Starting Execute cloud user/final scripts...
[[0;32m  OK  [0m] Reached target Graphical Interface.
         Starting Update UTMP about System Runlevel Changes...
[[0;32m  OK  [0m] Started User Manager for UID 1000.
[[0;32m  OK  [0m] Started Update UTMP about System Runlevel Changes.
ci-info: no authorized ssh keys fingerprints found for user ubuntu.
<14>May 17 13:01:25 ec2: 
<14>May 17 13:01:25 ec2: #############################################################
<14>May 17 13:01:25 ec2: -----BEGIN SSH HOST KEY FINGERPRINTS-----
<14>May 17 13:01:25 ec2: 1024 SHA256:4V05Bbo0Tc+yjE0BEReYROWDrExCFVvufty5RO1A7fw root@ubuntu-xenial (DSA)
<14>May 17 13:01:25 ec2: 256 SHA256:DWzigmiSEnLyt+SlT0FRZA7NxO6B++iR5mrbF53eRRI root@ubuntu-xenial (ECDSA)
<14>May 17 13:01:25 ec2: 256 SHA256:7f282tA6U8aaZxM+NC6U3p+LlMUW/V92bQV/tEuRotk root@ubuntu-xenial (ED25519)
<14>May 17 13:01:25 ec2: 2048 SHA256:DTBgYIGl5zJhnWi+LCVVzRbCJGmZ778FIeS1xIdYzBE root@ubuntu-xenial (RSA)
<14>May 17 13:01:25 ec2: -----END SSH HOST KEY FINGERPRINTS-----
<14>May 17 13:01:25 ec2: #############################################################
-----BEGIN SSH HOST KEY KEYS-----
ecdsa-sha2-nistp256 AAAAE2VjZHNhLXNoYTItbmlzdHAyNTYAAAAIbmlzdHAyNTYAAABBBIcFjV7Wg7Dap+b18Tr37UEvd9sfbJZg8KNe7Y6YdwnTvDq1knJwDkEwUlOr4OVZ+J3f+wzPOm0Rt3eGwzsfqOA= root@ubuntu-xenial
ssh-ed25519 AAAAC3NzaC1lZDI1NTE5AAAAIML0DtsPHlG7cnRicyjKGcOpbDSPE7E24yQTahQu17XR root@ubuntu-xenial
ssh-rsa AAAAB3NzaC1yc2EAAAADAQABAAABAQDaR/vSWCYgP/AZgMjImS/S9rn1Kc7IEuIRitTCPv0O5yHembDruMpHS13uBiRnpSpvT5BrZNEHyxNzPIT/dO4jDUhfSO/f/sjK8/cWIuw3grpac/lLd61iZB0K3ZVclqWLLjkyU5IZyZvw5yWY0Mn/0/jr2IfZvKn0U+lhCgT8pkNHHiJdDaBXV1NMexpC+tw9mosArKPRu+7me4YqjaiWcs0oHA8VdVYTzSgcwiiUC4dJKHq9949mG9wwxMJc7y39s3j3SIhXH2xt5b/7jW7BQcpgCuscWGpcIYOy0VHbbfwldN9pUu1DahCcWVjF3BilHrHTtMuEI2OcV0TmfM7z root@ubuntu-xenial
-----END SSH HOST KEY KEYS-----
[   54.422445] cloud-init[1269]: Cloud-init v. 18.2 running 'modules:final' at Thu, 17 May 2018 13:01:25 +0000. Up 53.34 seconds.
[   54.505284] cloud-init[1269]: ci-info: no authorized ssh keys fingerprints found for user ubuntu.
[   54.552548] [cloud-init[0;32m  OK  [0m[1269]: ] Cloud-init v. 18.2 finished at Thu, 17 May 2018 13:01:26 +0000. Datasource DataSourceNoCloud [seed=/dev/sdb][dsmode=net].  Up 54.41 secondsStarted Execute cloud user/final scripts.

[[0;32m  OK  [0m] Reached target Cloud-init target.

Ubuntu 16.04.4 LTS ubuntu-xenial ttyS0

ubuntu-xenial login: 